objc[6967]: Class NSURLSessionDelegate is implemented in both /Applications/Xcode.app/Contents/Developer/Platforms/iPhoneOS.platform/Library/Developer/CoreSimulator/Profiles/Runtimes/iOS.simruntime/Contents/Resources/RuntimeRoot/System/Library/PrivateFrameworks/NetworkServiceProxy.framework/NetworkServiceProxy (0x7fff87c50698) and /Users/psargent/Library/Developer/CoreSimulator/Devices/2155B3C3-6876-41F9-9B1B-462DF1BD715D/data/Containers/Bundle/Application/0D195B92-0F5B-4128-A437-557A606FBC79/Hello_MultiScreen_iPhone.app/Hello_MultiScreen_iPhone (0x1089d7f40). One of the two will be used. Which one is undefined.
MonoTouch: Could not install sigaction override, unexpected sigaction implementation.
2022-08-09 08:38:32.692231-0700 Hello_MultiScreen_iPhone[6967:438600] SecTaskLoadEntitlements failed error=22 cs_flags=200, pid=6967
2022-08-09 08:38:32.692734-0700 Hello_MultiScreen_iPhone[6967:438600] SecTaskCopyDebugDescription: Hello_MultiScree[6967]/0#-1 LF=0
2022-08-09 08:38:32.700835-0700 Hello_MultiScreen_iPhone[6967:438600] SecTaskLoadEntitlements failed error=22 cs_flags=200, pid=6967
2022-08-09 08:38:32.701145-0700 Hello_MultiScreen_iPhone[6967:438600] SecTaskCopyDebugDescription: Hello_MultiScree[6967]/0#-1 LF=0
2022-08-09 08:38:32.734851-0700 Hello_MultiScreen_iPhone[6967:438600] SecTaskLoadEntitlements failed error=22 cs_flags=200, pid=6967
2022-08-09 08:38:32.735196-0700 Hello_MultiScreen_iPhone[6967:438600] SecTaskCopyDebugDescription: Hello_MultiScree[6967]/0#-1 LF=0
2022-08-09 08:38:32.777872-0700 Hello_MultiScreen_iPhone[6967:438616] [unspecified] container_system_group_path_for_identifier: error = ((container_error_t)98) NOT_CODESIGNED
2022-08-09 08:38:32.777975-0700 Hello_MultiScreen_iPhone[6967:438616] [MC] Error getting system group container for systemgroup.com.apple.configurationprofiles: 98
2022-08-09 08:38:32.778245-0700 Hello_MultiScreen_iPhone[6967:438616] [MC] Failed to get profile system group container path. Overriding with expected path: /Users/psargent/Library/Developer/CoreSimulator/Devices/2155B3C3-6876-41F9-9B1B-462DF1BD715D/data/Containers/Shared/SystemGroup/systemgroup.com.apple.configurationprofiles
2022-08-09 08:38:32.820191-0700 Hello_MultiScreen_iPhone[6967:438600] <Google> To get test ads on this device, set: 
Objective-C
	GADMobileAds.sharedInstance.requestConfiguration.testDeviceIdentifiers = @[ GADSimulatorID ];
Swift
	GADMobileAds.sharedInstance().requestConfiguration.testDeviceIdentifiers = [ GADSimulatorID ]
2022-08-09 08:38:32.829704-0700 Hello_MultiScreen_iPhone[6967:438618]  - <Google>[I-ACS025031] AdMob App ID changed. Original, new: (nil), ca-app-pub-6939141027430284~2254955950
2022-08-09 08:38:32.830940-0700 Hello_MultiScreen_iPhone[6967:438657]  - <Google>[I-ACS023007] Analytics v.80901000 started
2022-08-09 08:38:32.831146-0700 Hello_MultiScreen_iPhone[6967:438657]  - <Google>[I-ACS023008] To enable debug logging set the following application argument: -APMAnalyticsDebugEnabled (see http://goo.gl/RfcP7r)
2022-08-09 08:38:32.838415-0700 Hello_MultiScreen_iPhone[6967:438618] [Client] Synchronous remote object proxy returned error: Error Domain=NSCocoaErrorDomain Code=4099 "The connection to service named com.apple.commcenter.coretelephony.xpc was invalidated: failed at lookup with error 3 - No such process." UserInfo={NSDebugDescription=The connection to service named com.apple.commcenter.coretelephony.xpc was invalidated: failed at lookup with error 3 - No such process.}
2022-08-09 08:38:32.838431-0700 Hello_MultiScreen_iPhone[6967:438656] [Client] Updating selectors failed with: Error Domain=NSCocoaErrorDomain Code=4099 "The connection to service named com.apple.commcenter.coretelephony.xpc was invalidated: failed at lookup with error 3 - No such process." UserInfo={NSDebugDescription=The connection to service named com.apple.commcenter.coretelephony.xpc was invalidated: failed at lookup with error 3 - No such process.}
2022-08-09 08:38:32.838828-0700 Hello_MultiScreen_iPhone[6967:438618] [Client] Synchronous remote object proxy returned error: Error Domain=NSCocoaErrorDomain Code=4099 "The connection to service named com.apple.commcenter.coretelephony.xpc was invalidated: failed at lookup with error 3 - No such process." UserInfo={NSDebugDescription=The connection to service named com.apple.commcenter.coretelephony.xpc was invalidated: failed at lookup with error 3 - No such process.}
2022-08-09 08:38:32.838866-0700 Hello_MultiScreen_iPhone[6967:438656] [Client] Updating selectors failed with: Error Domain=NSCocoaErrorDomain Code=4099 "The connection to service named com.apple.commcenter.coretelephony.xpc was invalidated: failed at lookup with error 3 - No such process." UserInfo={NSDebugDescription=The connection to service named com.apple.commcenter.coretelephony.xpc was invalidated: failed at lookup with error 3 - No such process.}
2022-08-09 08:38:32.839248-0700 Hello_MultiScreen_iPhone[6967:438618] [Client] Synchronous remote object proxy returned error: Error Domain=NSCocoaErrorDomain Code=4099 "The connection to service named com.apple.commcenter.coretelephony.xpc was invalidated: failed at lookup with error 3 - No such process." UserInfo={NSDebugDescription=The connection to service named com.apple.commcenter.coretelephony.xpc was invalidated: failed at lookup with error 3 - No such process.}
2022-08-09 08:38:32.839308-0700 Hello_MultiScreen_iPhone[6967:438656] [Client] Updating selectors failed with: Error Domain=NSCocoaErrorDomain Code=4099 "The connection to service named com.apple.commcenter.coretelephony.xpc was invalidated: failed at lookup with error 3 - No such process." UserInfo={NSDebugDescription=The connection to service named com.apple.commcenter.coretelephony.xpc was invalidated: failed at lookup with error 3 - No such process.}
2022-08-09 08:38:32.841497-0700 Hello_MultiScreen_iPhone[6967:438656] [Client] Updating selectors failed with: Error Domain=NSCocoaErrorDomain Code=4099 "The connection to service named com.apple.commcenter.coretelephony.xpc was invalidated: failed at lookup with error 3 - No such process." UserInfo={NSDebugDescription=The connection to service named com.apple.commcenter.coretelephony.xpc was invalidated: failed at lookup with error 3 - No such process.}
2022-08-09 08:38:32.841652-0700 Hello_MultiScreen_iPhone[6967:438656] [Client] Updating selectors after delegate addition failed with: Error Domain=NSCocoaErrorDomain Code=4099 "The connection to service named com.apple.commcenter.coretelephony.xpc was invalidated: failed at lookup with error 3 - No such process." UserInfo={NSDebugDescription=The connection to service named com.apple.commcenter.coretelephony.xpc was invalidated: failed at lookup with error 3 - No such process.}
2022-08-09 08:38:32.842270-0700 Hello_MultiScreen_iPhone[6967:438660]  - <Google>[I-ACS800023] No pending snapshot to activate. SDK name: app_measurement
2022-08-09 08:38:32.847767-0700 Hello_MultiScreen_iPhone[6967:438656] SecTaskLoadEntitlements failed error=22 cs_flags=200, pid=6967
2022-08-09 08:38:32.848049-0700 Hello_MultiScreen_iPhone[6967:438656] SecTaskCopyDebugDescription: Hello_MultiScree[6967]/0#-1 LF=0
2022-08-09 08:38:32.851836-0700 Hello_MultiScreen_iPhone[6967:438617]  - <Google>[I-ACS023012] Analytics collection enabled
2022-08-09 08:38:32.852881-0700 Hello_MultiScreen_iPhone[6967:438600] SecTaskLoadEntitlements failed error=22 cs_flags=200, pid=6967
2022-08-09 08:38:32.853088-0700 Hello_MultiScreen_iPhone[6967:438600] SecTaskCopyDebugDescription: Hello_MultiScree[6967]/0#-1 LF=0
2022-08-09 08:38:32.853301-0700 Hello_MultiScreen_iPhone[6967:438600] SecTaskLoadEntitlements failed error=22 cs_flags=200, pid=6967
2022-08-09 08:38:32.853491-0700 Hello_MultiScreen_iPhone[6967:438600] SecTaskCopyDebugDescription: Hello_MultiScree[6967]/0#-1 LF=0
2022-08-09 08:38:32.882558-0700 Hello_MultiScreen_iPhone[6967:438600] [ViewportSizing] maximumViewportInset cannot be larger than frame
2022-08-09 08:38:32.882716-0700 Hello_MultiScreen_iPhone[6967:438600] [ViewportSizing] minimumViewportInset cannot be larger than frame
2022-08-09 08:38:33.002866-0700 Hello_MultiScreen_iPhone[6